<?xml version="1.0" encoding="utf-8"?><testsuites name="pytest tests"><testsuite name="pytest" errors="0" failures="0" skipped="0" tests="14" time="15.964" timestamp="2026-04-30T17:23:21.741705+00:00" hostname="agent-env-e165844f-88bc-4667-b4d5-fc400bfba8f2"><testcase classname="backend.tests.test_phase3.TestNavStatus" name="test_nav_status_admin" time="0.598" /><testcase classname="backend.tests.test_phase3.TestNavStatus" name="test_nav_refresh_admin" time="2.566" /><testcase classname="backend.tests.test_phase3.TestNavStatus" name="test_nav_refresh_forbidden_for_user" time="0.513" /><testcase classname="backend.tests.test_phase3.TestNavStatus" name="test_portfolio_summary_has_live_nav_count" time="2.614" /><testcase classname="backend.tests.test_phase3.TestNotifSettings" name="test_get_defaults" time="0.053" /><testcase classname="backend.tests.test_phase3.TestNotifSettings" name="test_put_updates" time="0.109" /><testcase classname="backend.tests.test_phase3.TestNotifEmail" name="test_send_test_email" time="0.331" /><testcase classname="backend.tests.test_phase3.TestNotifEmail" name="test_send_digest" time="0.248" /><testcase classname="backend.tests.test_phase3.TestAlerts" name="test_alerts_merged" time="0.051" /><testcase classname="backend.tests.test_phase3.TestFactsheet" name="test_factsheet_history_initially_array" time="0.055" /><testcase classname="backend.tests.test_phase3.TestFactsheet" name="test_upload_missing_file_422" time="0.076" /><testcase classname="backend.tests.test_phase3.TestFactsheet" name="test_upload_non_pdf_400" time="0.061" /><testcase classname="backend.tests.test_phase3.TestFactsheet" name="test_upload_unknown_fund_404" time="0.164" /><testcase classname="backend.tests.test_phase3.TestFactsheet" name="test_upload_valid_pdf" time="8.456" /></testsuite></testsuites>