<?xml version="1.0" encoding="utf-8"?><testsuites name="pytest tests"><testsuite name="pytest" errors="0" failures="0" skipped="0" tests="25" time="5.426" timestamp="2026-04-30T16:52:01.678664+00:00" hostname="agent-env-e165844f-88bc-4667-b4d5-fc400bfba8f2"><testcase classname="backend.tests.test_backend.TestAuth" name="test_unauth_me" time="0.351" /><testcase classname="backend.tests.test_backend.TestAuth" name="test_login" time="0.488" /><testcase classname="backend.tests.test_backend.TestAuth" name="test_login_bad_creds" time="0.341" /><testcase classname="backend.tests.test_backend.TestAuth" name="test_register_and_logout" time="0.609" /><testcase classname="backend.tests.test_backend.TestFunds" name="test_list_funds" time="0.061" /><testcase classname="backend.tests.test_backend.TestFunds" name="test_fund_detail" time="0.056" /><testcase classname="backend.tests.test_backend.TestFunds" name="test_fund_404" time="0.054" /><testcase classname="backend.tests.test_backend.TestPortfolio" name="test_get_portfolio_admin" time="0.054" /><testcase classname="backend.tests.test_backend.TestPortfolio" name="test_add_remove_portfolio" time="0.220" /><testcase classname="backend.tests.test_backend.TestPortfolio" name="test_portfolio_validation" time="0.129" /><testcase classname="backend.tests.test_backend.TestFundData" name="test_holdings_diff" time="0.069" /><testcase classname="backend.tests.test_backend.TestFundData" name="test_sector_diff" time="0.054" /><testcase classname="backend.tests.test_backend.TestFundData" name="test_performance" time="0.067" /><testcase classname="backend.tests.test_backend.TestFundData" name="test_asset_allocation" time="0.052" /><testcase classname="backend.tests.test_backend.TestAlertsNews" name="test_alerts" time="0.051" /><testcase classname="backend.tests.test_backend.TestAlertsNews" name="test_news" time="0.657" /><testcase classname="backend.tests.test_phase2.TestPortfolios" name="test_list_default" time="0.460" /><testcase classname="backend.tests.test_phase2.TestPortfolios" name="test_create_and_delete" time="0.281" /><testcase classname="backend.tests.test_phase2.TestPortfolios" name="test_cannot_delete_default" time="0.134" /><testcase classname="backend.tests.test_phase2.TestPortfolios" name="test_filter_holdings_by_portfolio" time="0.426" /><testcase classname="backend.tests.test_phase2.TestXirr" name="test_xirr_admin" time="0.247" /><testcase classname="backend.tests.test_phase2.TestTax" name="test_tax_report" time="0.124" /><testcase classname="backend.tests.test_phase2.TestSip" name="test_sip_basic" time="0.063" /><testcase classname="backend.tests.test_phase2.TestSip" name="test_sip_stepup" time="0.056" /><testcase classname="backend.tests.test_phase2.TestSip" name="test_sip_validation" time="0.064" /></testsuite></testsuites>