<?xml version="1.0" encoding="utf-8"?><testsuites name="pytest tests"><testsuite name="pytest" errors="0" failures="0" skipped="0" tests="39" time="28.577" timestamp="2026-04-30T17:23:44.060576+00:00" hostname="agent-env-e165844f-88bc-4667-b4d5-fc400bfba8f2"><testcase classname="backend.tests.test_backend.TestAuth" name="test_unauth_me" time="0.201" /><testcase classname="backend.tests.test_backend.TestAuth" name="test_login" time="0.620" /><testcase classname="backend.tests.test_backend.TestAuth" name="test_login_bad_creds" time="0.354" /><testcase classname="backend.tests.test_backend.TestAuth" name="test_register_and_logout" time="0.573" /><testcase classname="backend.tests.test_backend.TestFunds" name="test_list_funds" time="0.051" /><testcase classname="backend.tests.test_backend.TestFunds" name="test_fund_detail" time="0.047" /><testcase classname="backend.tests.test_backend.TestFunds" name="test_fund_404" time="0.050" /><testcase classname="backend.tests.test_backend.TestPortfolio" name="test_get_portfolio_admin" time="0.055" /><testcase classname="backend.tests.test_backend.TestPortfolio" name="test_add_remove_portfolio" time="0.216" /><testcase classname="backend.tests.test_backend.TestPortfolio" name="test_portfolio_validation" time="0.112" /><testcase classname="backend.tests.test_backend.TestFundData" name="test_holdings_diff" time="0.053" /><testcase classname="backend.tests.test_backend.TestFundData" name="test_sector_diff" time="0.053" /><testcase classname="backend.tests.test_backend.TestFundData" name="test_performance" time="0.065" /><testcase classname="backend.tests.test_backend.TestFundData" name="test_asset_allocation" time="0.056" /><testcase classname="backend.tests.test_backend.TestAlertsNews" name="test_alerts" time="0.052" /><testcase classname="backend.tests.test_backend.TestAlertsNews" name="test_news" time="0.679" /><testcase classname="backend.tests.test_phase2.TestPortfolios" name="test_list_default" time="0.404" /><testcase classname="backend.tests.test_phase2.TestPortfolios" name="test_create_and_delete" time="0.222" /><testcase classname="backend.tests.test_phase2.TestPortfolios" name="test_cannot_delete_default" time="0.106" /><testcase classname="backend.tests.test_phase2.TestPortfolios" name="test_filter_holdings_by_portfolio" time="0.345" /><testcase classname="backend.tests.test_phase2.TestXirr" name="test_xirr_admin" time="0.111" /><testcase classname="backend.tests.test_phase2.TestTax" name="test_tax_report" time="0.140" /><testcase classname="backend.tests.test_phase2.TestSip" name="test_sip_basic" time="0.055" /><testcase classname="backend.tests.test_phase2.TestSip" name="test_sip_stepup" time="0.055" /><testcase classname="backend.tests.test_phase2.TestSip" name="test_sip_validation" time="0.054" /><testcase classname="backend.tests.test_phase3.TestNavStatus" name="test_nav_status_admin" time="0.398" /><testcase classname="backend.tests.test_phase3.TestNavStatus" name="test_nav_refresh_admin" time="3.171" /><testcase classname="backend.tests.test_phase3.TestNavStatus" name="test_nav_refresh_forbidden_for_user" time="0.573" /><testcase classname="backend.tests.test_phase3.TestNavStatus" name="test_portfolio_summary_has_live_nav_count" time="6.365" /><testcase classname="backend.tests.test_phase3.TestNotifSettings" name="test_get_defaults" time="0.058" /><testcase classname="backend.tests.test_phase3.TestNotifSettings" name="test_put_updates" time="0.108" /><testcase classname="backend.tests.test_phase3.TestNotifEmail" name="test_send_test_email" time="0.355" /><testcase classname="backend.tests.test_phase3.TestNotifEmail" name="test_send_digest" time="0.245" /><testcase classname="backend.tests.test_phase3.TestAlerts" name="test_alerts_merged" time="0.072" /><testcase classname="backend.tests.test_phase3.TestFactsheet" name="test_factsheet_history_initially_array" time="0.061" /><testcase classname="backend.tests.test_phase3.TestFactsheet" name="test_upload_missing_file_422" time="0.057" /><testcase classname="backend.tests.test_phase3.TestFactsheet" name="test_upload_non_pdf_400" time="0.056" /><testcase classname="backend.tests.test_phase3.TestFactsheet" name="test_upload_unknown_fund_404" time="0.216" /><testcase classname="backend.tests.test_phase3.TestFactsheet" name="test_upload_valid_pdf" time="12.010" /></testsuite></testsuites>